[INFO] Scanning for projects...
[INFO] 
[INFO] ---------< com.quintrix.testautomation.maven:seleniumExercise >---------
[INFO] Building seleniumExercise 0.0.1-SNAPSHOT
[INFO] --------------------------------[ jar ]---------------------------------
[INFO] 
[INFO] --- maven-clean-plugin:2.5:clean (default-clean) @ seleniumExercise ---
[INFO] Deleting C:\Users\obinn\eclipse-workspace\seleniumExercise\target
[INFO] 
[INFO] --- maven-resources-plugin:2.6:resources (default-resources) @ seleniumExercise ---
[INFO] Using 'UTF-8' encoding to copy filtered resources.
[INFO] Copying 0 resource
[INFO] 
[INFO] --- maven-compiler-plugin:3.8.1:compile (default-compile) @ seleniumExercise ---
[INFO] Changes detected - recompiling the module!
[INFO] Compiling 6 source files to C:\Users\obinn\eclipse-workspace\seleniumExercise\target\classes
[INFO] 
[INFO] --- maven-resources-plugin:2.6:testResources (default-testResources) @ seleniumExercise ---
[INFO] Using 'UTF-8' encoding to copy filtered resources.
[INFO] Copying 3 resources
[INFO] 
[INFO] --- maven-compiler-plugin:3.8.1:testCompile (default-testCompile) @ seleniumExercise ---
[INFO] Changes detected - recompiling the module!
[INFO] Compiling 4 source files to C:\Users\obinn\eclipse-workspace\seleniumExercise\target\test-classes
[INFO] 
[INFO] --- maven-surefire-plugin:2.22.2:test (default-test) @ seleniumExercise ---
[INFO] 
[INFO] -------------------------------------------------------
[INFO]  T E S T S
[INFO] -------------------------------------------------------
[INFO] Running cucumber_runner.RunCukesTest

Failed scenarios:
file:///C:/Users/obinn/eclipse-workspace/seleniumExercise/src/test/resources/features/HomePageTest.feature:4# Test of link to ContactUs page

1 Scenarios (1 failed)
3 Steps (1 failed, 1 skipped, 1 passed)
0m21.590s


org.openqa.selenium.ElementClickInterceptedException: element click intercepted: Element <a href="Contact-Us/contactus.html" target="_blank" id="contact-us">...</a> is not clickable at point (456, 530). Other element would receive the click: <h1>...</h1>
  (Session info: chrome=80.0.3987.132)
Build info: version: '3.141.59', revision: 'e82be7d358', time: '2018-11-14T08:17:03'
System info: host: 'OBINNAHP', ip: '192.168.56.1', os.name: 'Windows 10', os.arch: 'amd64', os.version: '10.0', java.version: '13'
Driver info: org.openqa.selenium.chrome.ChromeDriver
Capabilities {acceptInsecureCerts: false, browserName: chrome, browserVersion: 80.0.3987.132, chrome: {chromedriverVersion: 80.0.3987.106 (f68069574609..., userDataDir: C:\Users\obinn\AppData\Loca...}, goog:chromeOptions: {debuggerAddress: localhost:65454}, javascriptEnabled: true, networkConnectionEnabled: false, pageLoadStrategy: normal, platform: WINDOWS, platformName: WINDOWS, proxy: Proxy(), setWindowRect: true, strictFileInteractability: false, timeouts: {implicit: 0, pageLoad: 300000, script: 30000}, unhandledPromptBehavior: dismiss and notify}
Session ID: ba13f4e653ba549514cc92cab47bd120
	at java.base/jdk.internal.reflect.NativeConstructorAccessorImpl.newInstance0(Native Method)
	at java.base/jdk.internal.reflect.NativeConstructorAccessorImpl.newInstance(NativeConstructorAccessorImpl.java:62)
	at java.base/jdk.internal.reflect.DelegatingConstructorAccessorImpl.newInstance(DelegatingConstructorAccessorImpl.java:45)
	at java.base/java.lang.reflect.Constructor.newInstanceWithCaller(Constructor.java:500)
	at java.base/java.lang.reflect.Constructor.newInstance(Constructor.java:481)
	at org.openqa.selenium.remote.http.W3CHttpResponseCodec.createException(W3CHttpResponseCodec.java:187)
	at org.openqa.selenium.remote.http.W3CHttpResponseCodec.decode(W3CHttpResponseCodec.java:122)
	at org.openqa.selenium.remote.http.W3CHttpResponseCodec.decode(W3CHttpResponseCodec.java:49)
	at org.openqa.selenium.remote.HttpCommandExecutor.execute(HttpCommandExecutor.java:158)
	at org.openqa.selenium.remote.service.DriverCommandExecutor.execute(DriverCommandExecutor.java:83)
	at org.openqa.selenium.remote.RemoteWebDriver.execute(RemoteWebDriver.java:552)
	at org.openqa.selenium.remote.RemoteWebElement.execute(RemoteWebElement.java:285)
	at org.openqa.selenium.remote.RemoteWebElement.click(RemoteWebElement.java:84)
	at java.base/jdk.internal.reflect.NativeMethodAccessorImpl.invoke0(Native Method)
	at java.base/jdk.internal.reflect.NativeMethodAccessorImpl.invoke(NativeMethodAccessorImpl.java:62)
	at java.base/jdk.internal.reflect.DelegatingMethodAccessorImpl.invoke(DelegatingMethodAccessorImpl.java:43)
	at java.base/java.lang.reflect.Method.invoke(Method.java:567)
	at org.openqa.selenium.support.pagefactory.internal.LocatingElementHandler.invoke(LocatingElementHandler.java:51)
	at com.sun.proxy.$Proxy17.click(Unknown Source)
	at webpages.HomePage.clickContactUsLink(HomePage.java:87)
	at stepdefinitions.HomePageStepsDefinitions.user_clicks_contactus_link(HomePageStepsDefinitions.java:32)
	at ?.user clicks ContactUs link(file:///C:/Users/obinn/eclipse-workspace/seleniumExercise/src/test/resources/features/HomePageTest.feature:6)


[ERROR] Tests run: 1, Failures: 0, Errors: 1, Skipped: 0, Time elapsed: 21.63 s <<< FAILURE! - in cucumber_runner.RunCukesTest
[ERROR] Test of link to ContactUs page  Time elapsed: 21.586 s  <<< ERROR!
org.openqa.selenium.ElementClickInterceptedException: 
element click intercepted: Element <a href="Contact-Us/contactus.html" target="_blank" id="contact-us">...</a> is not clickable at point (456, 530). Other element would receive the click: <h1>...</h1>
  (Session info: chrome=80.0.3987.132)
Build info: version: '3.141.59', revision: 'e82be7d358', time: '2018-11-14T08:17:03'
System info: host: 'OBINNAHP', ip: '192.168.56.1', os.name: 'Windows 10', os.arch: 'amd64', os.version: '10.0', java.version: '13'
Driver info: org.openqa.selenium.chrome.ChromeDriver
Capabilities {acceptInsecureCerts: false, browserName: chrome, browserVersion: 80.0.3987.132, chrome: {chromedriverVersion: 80.0.3987.106 (f68069574609..., userDataDir: C:\Users\obinn\AppData\Loca...}, goog:chromeOptions: {debuggerAddress: localhost:65454}, javascriptEnabled: true, networkConnectionEnabled: false, pageLoadStrategy: normal, platform: WINDOWS, platformName: WINDOWS, proxy: Proxy(), setWindowRect: true, strictFileInteractability: false, timeouts: {implicit: 0, pageLoad: 300000, script: 30000}, unhandledPromptBehavior: dismiss and notify}
Session ID: ba13f4e653ba549514cc92cab47bd120

[INFO] 
[INFO] Results:
[INFO] 
[ERROR] Errors: 
[ERROR]   RunCukesTest » ElementClickIntercepted element click intercepted: Element <a h...
[INFO] 
[ERROR] Tests run: 1, Failures: 0, Errors: 1, Skipped: 0
[INFO] 
[INFO] ------------------------------------------------------------------------
[INFO] BUILD FAILURE
[INFO] ------------------------------------------------------------------------
[INFO] Total time:  29.814 s
[INFO] Finished at: 2020-03-08T21:09:36-04:00
[INFO] ------------------------------------------------------------------------
[ERROR] Failed to execute goal org.apache.maven.plugins:maven-surefire-plugin:2.22.2:test (default-test) on project seleniumExercise: There are test failures.
[ERROR] 
[ERROR] Please refer to C:\Users\obinn\eclipse-workspace\seleniumExercise\target\surefire-reports for the individual test results.
[ERROR] Please refer to dump files (if any exist) [date].dump, [date]-jvmRun[N].dump and [date].dumpstream.
[ERROR] -> [Help 1]
[ERROR] 
[ERROR] To see the full stack trace of the errors, re-run Maven with the -e switch.
[ERROR] Re-run Maven using the -X switch to enable full debug logging.
[ERROR] 
[ERROR] For more information about the errors and possible solutions, please read the following articles:
[ERROR] [Help 1] http://cwiki.apache.org/confluence/display/MAVEN/MojoFailureException
